<?xml version="1.0" encoding="UTF-8"?>
<testng-results ignored="0" total="1" passed="1" failed="0" skipped="0">
  <reporter-output>
  </reporter-output>
  <suite started-at="2023-12-09T11:00:08 EET" name="Default Suite" finished-at="2023-12-09T11:00:58 EET" duration-ms="50248">
    <groups>
    </groups>
    <test started-at="2023-12-09T11:00:08 EET" name="Nop-Commerce" finished-at="2023-12-09T11:00:58 EET" duration-ms="50248">
      <class name="testcases.TC12_Orders">
        <test-method is-config="true" signature="setup()[pri:0, instance:testcases.TC12_Orders@2349f14d]" started-at="2023-12-09T11:00:08 EET" name="setup" finished-at="2023-12-09T11:00:17 EET" duration-ms="8993" status="PASS">
          <reporter-output>
          </reporter-output>
        </test-method> <!-- setup -->
        <test-method signature="createSuccessfullyOrder()[pri:1, instance:testcases.TC12_Orders@2349f14d]" started-at="2023-12-09T11:00:17 EET" name="createSuccessfullyOrder" description="SC12- Create successful Order" finished-at="2023-12-09T11:00:57 EET" duration-ms="40617" status="PASS">
          <reporter-output>
          </reporter-output>
        </test-method> <!-- createSuccessfullyOrder -->
        <test-method is-config="true" signature="close()[pri:0, instance:testcases.TC12_Orders@2349f14d]" started-at="2023-12-09T11:00:57 EET" name="close" finished-at="2023-12-09T11:00:58 EET" duration-ms="552" status="PASS">
          <reporter-output>
          </reporter-output>
        </test-method> <!-- close -->
      </class> <!-- testcases.TC12_Orders -->
    </test> <!-- Nop-Commerce -->
  </suite> <!-- Default Suite -->
</testng-results>
